This file contains any messages produced by compilers while
running configure, to aid debugging if configure makes a mistake.

configure:547: checking for gcc
configure:660: checking whether the C compiler (gcc -O2 ) works
configure:676: gcc -o conftest -O2   conftest.c  1>&5
configure:702: checking whether the C compiler (gcc -O2 ) is a cross-compiler
configure:707: checking whether we are using GNU C
configure:735: checking whether gcc accepts -g
configure:775: checking whether make sets ${MAKE}
configure:815: checking for custom variable data directory
configure:835: checking for custom configuration directory
configure:845: checking OS Type
configure:909: checking for libxml2
configure:937: checking for libpcap
configure:964: checking for libssl
configure:998: checking for -g during building
configure:1013: checking for MAC Resolution
configure:1030: checking for Countermeasures
configure:1041: checking how to run the C preprocessor
configure:1121: checking for ANSI C header files
configure:1228: checking for stdlib.h
configure:1228: checking for errno.h
configure:1228: checking for signal.h
configure:1228: checking for stdio.h
configure:1228: checking for string.h
configure:1228: checking for sys/stat.h
configure:1228: checking for sys/wait.h
configure:1228: checking for unistd.h
configure:1228: checking for syslog.h
configure:1268: checking for stdio.h
configure:1268: checking for time.h
configure:1268: checking for netinet/in.h
configure:1268: checking for netinet/ether.h
configure:1268: checking for netinet/ip6.h
configure:1268: checking for netinet/icmp6.h
configure:1268: checking for pcap.h
configure:1268: checking for time.h
configure:1268: checking for arpa/inet.h
configure:1307: checking for getaddrinfo
configure:1307: checking for socket
configure:1307: checking for ntohs
configure:1307: checking for inet_pton
configure:1307: checking for inet_ntop
